0 info it worked if it ends with ok
1 verbose cli [ 'node', '/usr/bin/npm', 'install', 'cake', 'coffee-script' ]
2 info using npm@1.3.12
3 info using node@v0.10.21
4 verbose node symlink /usr/bin/node
5 verbose cache add [ 'cake', null ]
6 verbose cache add name=undefined spec="cake" args=["cake",null]
7 verbose parsed url { protocol: null,
7 verbose parsed url   slashes: null,
7 verbose parsed url   auth: null,
7 verbose parsed url   host: null,
7 verbose parsed url   port: null,
7 verbose parsed url   hostname: null,
7 verbose parsed url   hash: null,
7 verbose parsed url   search: null,
7 verbose parsed url   query: null,
7 verbose parsed url   pathname: 'cake',
7 verbose parsed url   path: 'cake',
7 verbose parsed url   href: 'cake' }
8 verbose cache add [ 'coffee-script', null ]
9 verbose cache add name=undefined spec="coffee-script" args=["coffee-script",null]
10 verbose parsed url { protocol: null,
10 verbose parsed url   slashes: null,
10 verbose parsed url   auth: null,
10 verbose parsed url   host: null,
10 verbose parsed url   port: null,
10 verbose parsed url   hostname: null,
10 verbose parsed url   hash: null,
10 verbose parsed url   search: null,
10 verbose parsed url   query: null,
10 verbose parsed url   pathname: 'coffee-script',
10 verbose parsed url   path: 'coffee-script',
10 verbose parsed url   href: 'coffee-script' }
11 silly lockFile 5ddc2ae1-cake cake
12 verbose lock cake /home/philipp/.npm/5ddc2ae1-cake.lock
13 silly lockFile ab358269-coffee-script coffee-script
14 verbose lock coffee-script /home/philipp/.npm/ab358269-coffee-script.lock
15 silly lockFile 5ddc2ae1-cake cake
16 silly lockFile 5ddc2ae1-cake cake
17 verbose addNamed [ 'cake', '' ]
18 verbose addNamed [ null, '*' ]
19 silly lockFile 2174a64b-cake cake@
20 verbose lock cake@ /home/philipp/.npm/2174a64b-cake.lock
21 silly lockFile ab358269-coffee-script coffee-script
22 silly lockFile ab358269-coffee-script coffee-script
23 silly addNameRange { name: 'cake', range: '*', hasData: false }
24 verbose addNamed [ 'coffee-script', '' ]
25 verbose addNamed [ null, '*' ]
26 silly lockFile 53951495-coffee-script coffee-script@
27 verbose lock coffee-script@ /home/philipp/.npm/53951495-coffee-script.lock
28 silly addNameRange { name: 'coffee-script', range: '*', hasData: false }
29 verbose url raw cake
30 verbose url resolving [ 'https://registry.npmjs.org/', './cake' ]
31 verbose url resolved https://registry.npmjs.org/cake
32 info trying registry request attempt 1 at 17:14:14
33 verbose etag "EVOFN2N95CGEY0H106S04BJXB"
34 http GET https://registry.npmjs.org/cake
35 verbose url raw coffee-script
36 verbose url resolving [ 'https://registry.npmjs.org/', './coffee-script' ]
37 verbose url resolved https://registry.npmjs.org/coffee-script
38 info trying registry request attempt 1 at 17:14:14
39 verbose etag "5XSASI40DC77UT3P6RCN7B0OV"
40 http GET https://registry.npmjs.org/coffee-script
41 http 304 https://registry.npmjs.org/coffee-script
42 silly registry.get cb [ 304,
42 silly registry.get   { server: 'CouchDB/1.3.1 (Erlang OTP/R15B03)',
42 silly registry.get     etag: '"5XSASI40DC77UT3P6RCN7B0OV"',
42 silly registry.get     date: 'Thu, 28 Nov 2013 16:14:20 GMT',
42 silly registry.get     'content-length': '0' } ]
43 verbose etag coffee-script from cache
44 http 304 https://registry.npmjs.org/cake
45 silly registry.get cb [ 304,
45 silly registry.get   { server: 'CouchDB/1.5.0 (Erlang OTP/R15B03)',
45 silly registry.get     etag: '"EVOFN2N95CGEY0H106S04BJXB"',
45 silly registry.get     date: 'Thu, 28 Nov 2013 16:14:20 GMT',
45 silly registry.get     'content-length': '0' } ]
46 verbose etag cake from cache
47 silly addNameRange number 2 { name: 'cake', range: '*', hasData: true }
48 silly addNameRange versions [ 'cake', [ '0.1.0', '0.1.1' ] ]
49 verbose addNamed [ 'cake', '0.1.1' ]
50 verbose addNamed [ '0.1.1', '0.1.1' ]
51 silly lockFile 9404ff61-cake-0-1-1 cake@0.1.1
52 verbose lock cake@0.1.1 /home/philipp/.npm/9404ff61-cake-0-1-1.lock
53 silly addNameRange number 2 { name: 'coffee-script', range: '*', hasData: true }
54 silly addNameRange versions [ 'coffee-script',
54 silly addNameRange   [ '0.7.0',
54 silly addNameRange     '0.7.1',
54 silly addNameRange     '0.7.2',
54 silly addNameRange     '0.9.0',
54 silly addNameRange     '0.9.1',
54 silly addNameRange     '0.9.2',
54 silly addNameRange     '0.9.3',
54 silly addNameRange     '0.9.4',
54 silly addNameRange     '0.9.5',
54 silly addNameRange     '0.9.6',
54 silly addNameRange     '1.0.0',
54 silly addNameRange     '1.0.1',
54 silly addNameRange     '1.1.0',
54 silly addNameRange     '1.1.1',
54 silly addNameRange     '1.1.2',
54 silly addNameRange     '1.1.3',
54 silly addNameRange     '1.2.0',
54 silly addNameRange     '1.3.0',
54 silly addNameRange     '1.3.1',
54 silly addNameRange     '1.3.2',
54 silly addNameRange     '1.3.3',
54 silly addNameRange     '1.4.0',
54 silly addNameRange     '1.5.0',
54 silly addNameRange     '1.6.0',
54 silly addNameRange     '1.6.1',
54 silly addNameRange     '1.6.2',
54 silly addNameRange     '1.6.3' ] ]
55 verbose addNamed [ 'coffee-script', '1.6.3' ]
56 verbose addNamed [ '1.6.3', '1.6.3' ]
57 silly lockFile 15ab88ca-coffee-script-1-6-3 coffee-script@1.6.3
58 verbose lock coffee-script@1.6.3 /home/philipp/.npm/15ab88ca-coffee-script-1-6-3.lock
59 silly lockFile 9404ff61-cake-0-1-1 cake@0.1.1
60 silly lockFile 9404ff61-cake-0-1-1 cake@0.1.1
61 silly lockFile 2174a64b-cake cake@
62 silly lockFile 2174a64b-cake cake@
63 silly lockFile 15ab88ca-coffee-script-1-6-3 coffee-script@1.6.3
64 silly lockFile 15ab88ca-coffee-script-1-6-3 coffee-script@1.6.3
65 silly lockFile 53951495-coffee-script coffee-script@
66 silly lockFile 53951495-coffee-script coffee-script@
67 silly resolved [ { name: 'cake',
67 silly resolved     description: 'Coffee-Script\'s Make',
67 silly resolved     keywords: [ 'coffeescript' ],
67 silly resolved     author: { name: 'Stéphane Alnet' },
67 silly resolved     version: '0.1.1',
67 silly resolved     license: 'MIT',
67 silly resolved     engines: { node: '>=0.8.0' },
67 silly resolved     directories: { lib: './lib/coffee-script' },
67 silly resolved     bin: { cake: './bin/cake' },
67 silly resolved     scripts: { test: 'node ./bin/cake test' },
67 silly resolved     bugs: { url: 'https://github.com/shimaore/cake/issues' },
67 silly resolved     repository: { type: 'git', url: 'git://github.com/shimaore/cake.git' },
67 silly resolved     dependencies: { 'coffee-script': 'latest' },
67 silly resolved     readme: 'A fork of CoffeeScript\'s `cake` utility so that it might be used with e.g. `coffee-script-redux`.\n\n  To install:\n  npm install -g cake\n  (Leave off the -g if you don\'t wish to install globally.)\n\n  To suggest a feature, report a bug, or general discussion:\n  http://github.com/shimaore/cake/issues/\n',
67 silly resolved     readmeFilename: 'README',
67 silly resolved     homepage: 'https://github.com/shimaore/cake',
67 silly resolved     _id: 'cake@0.1.1',
67 silly resolved     _from: 'cake@' },
67 silly resolved   { name: 'coffee-script',
67 silly resolved     description: 'Unfancy JavaScript',
67 silly resolved     keywords: [ 'javascript', 'language', 'coffeescript', 'compiler' ],
67 silly resolved     author: { name: 'Jeremy Ashkenas' },
67 silly resolved     version: '1.6.3',
67 silly resolved     licenses: [ [Object] ],
67 silly resolved     engines: { node: '>=0.8.0' },
67 silly resolved     directories: { lib: './lib/coffee-script' },
67 silly resolved     main: './lib/coffee-script/coffee-script',
67 silly resolved     bin: { coffee: './bin/coffee', cake: './bin/cake' },
67 silly resolved     scripts: { test: 'node ./bin/cake test' },
67 silly resolved     homepage: 'http://coffeescript.org',
67 silly resolved     bugs: { url: 'https://github.com/jashkenas/coffee-script/issues' },
67 silly resolved     repository:
67 silly resolved      { type: 'git',
67 silly resolved        url: 'git://github.com/jashkenas/coffee-script.git' },
67 silly resolved     devDependencies: { 'uglify-js': '~2.2', jison: '>=0.2.0' },
67 silly resolved     readme: '\n            {\n         }   }   {\n        {   {  }  }\n         }   }{  {\n        {  }{  }  }                    _____       __  __\n       ( }{ }{  { )                   / ____|     / _|/ _|\n     .- { { }  { }} -.               | |     ___ | |_| |_ ___  ___\n    (  ( } { } { } }  )              | |    / _ \\|  _|  _/ _ \\/ _ \\\n    |`-..________ ..-\'|              | |___| (_) | | | ||  __/  __/\n    |                 |               \\_____\\___/|_| |_| \\___|\\___|\n    |                 ;--.\n    |                (__  \\            _____           _       _\n    |                 | )  )          / ____|         (_)     | |\n    |                 |/  /          | (___   ___ _ __ _ _ __ | |_\n    |                 (  /            \\___ \\ / __| \'__| | \'_ \\| __|\n    |                 |/              ____) | (__| |  | | |_) | |_\n    |                 |              |_____/ \\___|_|  |_| .__/ \\__|\n     `-.._________..-\'                                  | |\n                                                        |_|\n\n\n  CoffeeScript is a little language that compiles into JavaScript.\n\n  Install Node.js, and then the CoffeeScript compiler:\n  sudo bin/cake install\n\n  Or, if you have the Node Package Manager installed:\n  npm install -g coffee-script\n  (Leave off the -g if you don\'t wish to install globally.)\n\n  Execute a script:\n  coffee /path/to/script.coffee\n\n  Compile a script:\n  coffee -c /path/to/script.coffee\n\n  For documentation, usage, and examples, see:\n  http://coffeescript.org/\n\n  To suggest a feature, report a bug, or general discussion:\n  http://github.com/jashkenas/coffee-script/issues/\n\n  If you\'d like to chat, drop by #coffeescript on Freenode IRC,\n  or on webchat.freenode.net.\n\n  The source repository:\n  git://github.com/jashkenas/coffee-script.git\n\n  All contributors are listed here:\n  http://github.com/jashkenas/coffee-script/contributors\n',
67 silly resolved     readmeFilename: 'README',
67 silly resolved     _id: 'coffee-script@1.6.3',
67 silly resolved     _from: 'coffee-script@' } ]
68 info install cake@0.1.1 into /home/philipp/code/typist
69 info install coffee-script@1.6.3 into /home/philipp/code/typist
70 info installOne cake@0.1.1
71 info installOne coffee-script@1.6.3
72 info /home/philipp/code/typist/node_modules/cake unbuild
73 info preuninstall cake@0.1.1
74 info /home/philipp/code/typist/node_modules/coffee-script unbuild
75 info preuninstall coffee-script@1.6.3
76 info uninstall cake@0.1.1
77 info uninstall coffee-script@1.6.3
78 verbose true,/home/philipp/code/typist/node_modules,/home/philipp/code/typist/node_modules unbuild cake@0.1.1
79 verbose /home/philipp/code/typist/node_modules/.bin,[object Object] binRoot
80 verbose true,/home/philipp/code/typist/node_modules,/home/philipp/code/typist/node_modules unbuild coffee-script@1.6.3
81 verbose /home/philipp/code/typist/node_modules/.bin,[object Object] binRoot
82 info /home/philipp/code/typist/node_modules/coffee-script unbuild
83 info postuninstall cake@0.1.1
84 info preuninstall coffee-script@1.6.3
85 info uninstall coffee-script@1.6.3
86 verbose true,/home/philipp/code/typist/node_modules,/home/philipp/code/typist/node_modules unbuild coffee-script@1.6.3
87 verbose /home/philipp/code/typist/node_modules/.bin,[object Object] binRoot
88 info postuninstall coffee-script@1.6.3
89 verbose tar unpack /home/philipp/.npm/cake/0.1.1/package.tgz
90 silly lockFile 528d66bd-pp-code-typist-node-modules-cake tar:///home/philipp/code/typist/node_modules/cake
91 verbose lock tar:///home/philipp/code/typist/node_modules/cake /home/philipp/.npm/528d66bd-pp-code-typist-node-modules-cake.lock
92 silly lockFile 65374cf3-ilipp-npm-cake-0-1-1-package-tgz tar:///home/philipp/.npm/cake/0.1.1/package.tgz
93 verbose lock tar:///home/philipp/.npm/cake/0.1.1/package.tgz /home/philipp/.npm/65374cf3-ilipp-npm-cake-0-1-1-package-tgz.lock
94 silly gunzTarPerm modes [ '755', '644' ]
95 silly gunzTarPerm extractEntry package.json
96 silly gunzTarPerm extractEntry .npmignore
97 silly gunzTarPerm extractEntry README
98 error Refusing to delete: /home/philipp/code/typist/node_modules/.bin/cake not in /home/philipp/code/typist/node_modules/coffee-script
File exists: /home/philipp/code/typist/node_modules/.bin/cake
Move it away, and try again.
99 error System Linux 3.8.0-25-generic
100 error command "node" "/usr/bin/npm" "install" "cake" "coffee-script"
101 error cwd /home/philipp/code/typist
102 error node -v v0.10.21
103 error npm -v 1.3.12
104 error path /home/philipp/code/typist/node_modules/.bin/cake
105 error code EEXIST
106 verbose exit [ 1, true ]
